{"C:\\Users\\ROBERT V\\Desktop\\devs_portal_backend\\src\\app.ts": {"path":"C:\\Users\\ROBERT V\\Desktop\\devs_portal_backend\\src\\app.ts","statementMap":{"0":{"start":{"line":1,"column":0},"end":{"line":1,"column":30}},"1":{"start":{"line":2,"column":0},"end":{"line":2,"column":28}},"2":{"start":{"line":3,"column":0},"end":{"line":3,"column":24}},"3":{"start":{"line":4,"column":0},"end":{"line":4,"column":72}},"4":{"start":{"line":5,"column":0},"end":{"line":5,"column":54}},"5":{"start":{"line":6,"column":0},"end":{"line":6,"column":47}},"6":{"start":{"line":7,"column":0},"end":{"line":7,"column":65}},"7":{"start":{"line":8,"column":0},"end":{"line":8,"column":49}},"8":{"start":{"line":10,"column":13},"end":{"line":10,"column":29}},"9":{"start":{"line":13,"column":0},"end":{"line":13,"column":24}},"10":{"start":{"line":14,"column":0},"end":{"line":14,"column":16}},"11":{"start":{"line":16,"column":0},"end":{"line":18,"column":null}},"12":{"start":{"line":17,"column":2},"end":{"line":17,"column":25}},"13":{"start":{"line":21,"column":0},"end":{"line":29,"column":3}},"14":{"start":{"line":21,"column":49},"end":{"line":29,"column":2}},"15":{"start":{"line":22,"column":2},"end":{"line":28,"column":null}},"16":{"start":{"line":23,"column":4},"end":{"line":25,"column":7}},"17":{"start":{"line":27,"column":4},"end":{"line":27,"column":16}},"18":{"start":{"line":31,"column":0},"end":{"line":31,"column":48}},"19":{"start":{"line":33,"column":0},"end":{"line":33,"column":65}},"20":{"start":{"line":36,"column":0},"end":{"line":36,"column":41}}},"fnMap":{"0":{"name":"(anonymous_8)","decl":{"start":{"line":21,"column":24},"end":{"line":21,"column":31}},"loc":{"start":{"line":21,"column":49},"end":{"line":29,"column":2}}},"1":{"name":"(anonymous_9)","decl":{"start":{"line":21,"column":49},"end":{"line":21,"column":null}},"loc":{"start":{"line":21,"column":49},"end":{"line":29,"column":1}}}},"branchMap":{"0":{"loc":{"start":{"line":16,"column":0},"end":{"line":18,"column":null}},"type":"if","locations":[{"start":{"line":16,"column":0},"end":{"line":18,"column":null}}]}},"s":{"0":3,"1":3,"2":3,"3":3,"4":3,"5":3,"6":3,"7":3,"8":3,"9":3,"10":3,"11":3,"12":0,"13":3,"14":1,"15":1,"16":1,"17":0,"18":3,"19":3,"20":3},"f":{"0":1,"1":1},"b":{"0":[0]}}
,"C:\\Users\\ROBERT V\\Desktop\\devs_portal_backend\\src\\data-source.ts": {"path":"C:\\Users\\ROBERT V\\Desktop\\devs_portal_backend\\src\\data-source.ts","statementMap":{"0":{"start":{"line":1,"column":0},"end":{"line":1,"column":26}},"1":{"start":{"line":2,"column":0},"end":{"line":2,"column":56}},"2":{"start":{"line":4,"column":0},"end":{"line":4,"column":32}},"3":{"start":{"line":5,"column":0},"end":{"line":5,"column":45}},"4":{"start":{"line":6,"column":0},"end":{"line":6,"column":47}},"5":{"start":{"line":7,"column":0},"end":{"line":7,"column":37}},"6":{"start":{"line":10,"column":0},"end":{"line":10,"column":9}},"7":{"start":{"line":11,"column":51},"end":{"line":25,"column":2}},"8":{"start":{"line":35,"column":13},"end":{"line":35,"column":53}},"9":{"start":{"line":37,"column":25},"end":{"line":44,"column":2}},"10":{"start":{"line":37,"column":36},"end":{"line":44,"column":2}},"11":{"start":{"line":38,"column":2},"end":{"line":43,"column":null}},"12":{"start":{"line":39,"column":24},"end":{"line":39,"column":56}},"13":{"start":{"line":40,"column":4},"end":{"line":40,"column":56}},"14":{"start":{"line":42,"column":4},"end":{"line":42,"column":23}},"15":{"start":{"line":37,"column":13},"end":{"line":37,"column":25}}},"fnMap":{"0":{"name":"(anonymous_7)","decl":{"start":{"line":37,"column":25},"end":{"line":37,"column":34}},"loc":{"start":{"line":37,"column":36},"end":{"line":44,"column":2}}},"1":{"name":"(anonymous_8)","decl":{"start":{"line":37,"column":36},"end":{"line":37,"column":null}},"loc":{"start":{"line":37,"column":36},"end":{"line":44,"column":1}}}},"branchMap":{},"s":{"0":3,"1":3,"2":3,"3":3,"4":3,"5":3,"6":3,"7":3,"8":3,"9":3,"10":3,"11":3,"12":3,"13":3,"14":0,"15":3},"f":{"0":3,"1":3},"b":{}}
,"C:\\Users\\ROBERT V\\Desktop\\devs_portal_backend\\src\\developer\\controller.ts": {"path":"C:\\Users\\ROBERT V\\Desktop\\devs_portal_backend\\src\\developer\\controller.ts","statementMap":{"0":{"start":{"line":2,"column":0},"end":{"line":2,"column":35}},"1":{"start":{"line":3,"column":0},"end":{"line":3,"column":47}},"2":{"start":{"line":4,"column":0},"end":{"line":4,"column":49}},"3":{"start":{"line":7,"column":38},"end":{"line":20,"column":2}},"4":{"start":{"line":7,"column":63},"end":{"line":20,"column":2}},"5":{"start":{"line":8,"column":2},"end":{"line":19,"column":null}},"6":{"start":{"line":9,"column":21},"end":{"line":9,"column":70}},"7":{"start":{"line":11,"column":4},"end":{"line":13,"column":null}},"8":{"start":{"line":12,"column":6},"end":{"line":12,"column":61}},"9":{"start":{"line":14,"column":4},"end":{"line":16,"column":7}},"10":{"start":{"line":18,"column":4},"end":{"line":18,"column":16}},"11":{"start":{"line":7,"column":13},"end":{"line":7,"column":38}}},"fnMap":{"0":{"name":"(anonymous_7)","decl":{"start":{"line":7,"column":38},"end":{"line":7,"column":45}},"loc":{"start":{"line":7,"column":63},"end":{"line":20,"column":2}}},"1":{"name":"(anonymous_8)","decl":{"start":{"line":7,"column":63},"end":{"line":7,"column":null}},"loc":{"start":{"line":7,"column":63},"end":{"line":20,"column":1}}}},"branchMap":{"0":{"loc":{"start":{"line":11,"column":4},"end":{"line":13,"column":null}},"type":"if","locations":[{"start":{"line":11,"column":4},"end":{"line":13,"column":null}}]}},"s":{"0":3,"1":3,"2":3,"3":3,"4":2,"5":2,"6":2,"7":2,"8":0,"9":2,"10":0,"11":3},"f":{"0":2,"1":2},"b":{"0":[0]}}
,"C:\\Users\\ROBERT V\\Desktop\\devs_portal_backend\\src\\developer\\entity.ts": {"path":"C:\\Users\\ROBERT V\\Desktop\\devs_portal_backend\\src\\developer\\entity.ts","statementMap":{"0":{"start":{"line":1,"column":0},"end":{"line":1,"column":101}},"1":{"start":{"line":5,"column":7},"end":{"line":53,"column":null}},"2":{"start":{"line":6,"column":2},"end":{"line":7,"column":null}},"3":{"start":{"line":9,"column":2},"end":{"line":10,"column":null}},"4":{"start":{"line":12,"column":2},"end":{"line":13,"column":null}},"5":{"start":{"line":15,"column":2},"end":{"line":16,"column":null}},"6":{"start":{"line":18,"column":2},"end":{"line":19,"column":null}},"7":{"start":{"line":21,"column":2},"end":{"line":22,"column":null}},"8":{"start":{"line":24,"column":2},"end":{"line":25,"column":null}},"9":{"start":{"line":27,"column":2},"end":{"line":28,"column":null}},"10":{"start":{"line":30,"column":2},"end":{"line":31,"column":null}},"11":{"start":{"line":33,"column":2},"end":{"line":34,"column":null}},"12":{"start":{"line":36,"column":2},"end":{"line":37,"column":null}},"13":{"start":{"line":39,"column":2},"end":{"line":40,"column":null}},"14":{"start":{"line":42,"column":2},"end":{"line":43,"column":null}},"15":{"start":{"line":45,"column":2},"end":{"line":46,"column":null}},"16":{"start":{"line":48,"column":2},"end":{"line":49,"column":null}},"17":{"start":{"line":48,"column":91},"end":{"line":48,"column":110}},"18":{"start":{"line":51,"column":2},"end":{"line":52,"column":null}},"19":{"start":{"line":51,"column":91},"end":{"line":51,"column":110}},"20":{"start":{"line":5,"column":13},"end":{"line":53,"column":null}},"21":{"start":{"line":5,"column":13},"end":{"line":5,"column":20}}},"fnMap":{"0":{"name":"(anonymous_2)","decl":{"start":{"line":48,"column":85},"end":{"line":48,"column":88}},"loc":{"start":{"line":48,"column":91},"end":{"line":48,"column":110}}},"1":{"name":"(anonymous_3)","decl":{"start":{"line":51,"column":85},"end":{"line":51,"column":88}},"loc":{"start":{"line":51,"column":91},"end":{"line":51,"column":110}}}},"branchMap":{},"s":{"0":3,"1":3,"2":3,"3":3,"4":3,"5":3,"6":3,"7":3,"8":3,"9":3,"10":3,"11":3,"12":3,"13":3,"14":3,"15":3,"16":3,"17":0,"18":3,"19":0,"20":3,"21":3},"f":{"0":0,"1":0},"b":{}}
,"C:\\Users\\ROBERT V\\Desktop\\devs_portal_backend\\src\\developer\\router.ts": {"path":"C:\\Users\\ROBERT V\\Desktop\\devs_portal_backend\\src\\developer\\router.ts","statementMap":{"0":{"start":{"line":1,"column":0},"end":{"line":1,"column":33}},"1":{"start":{"line":2,"column":0},"end":{"line":2,"column":38}},"2":{"start":{"line":5,"column":13},"end":{"line":5,"column":41}},"3":{"start":{"line":7,"column":0},"end":{"line":8,"column":15}}},"fnMap":{},"branchMap":{},"s":{"0":3,"1":3,"2":3,"3":3},"f":{},"b":{}}
,"C:\\Users\\ROBERT V\\Desktop\\devs_portal_backend\\src\\helpers\\HttpError.ts": {"path":"C:\\Users\\ROBERT V\\Desktop\\devs_portal_backend\\src\\helpers\\HttpError.ts","statementMap":{"0":{"start":{"line":4,"column":4},"end":{"line":4,"column":12}},"1":{"start":{"line":3,"column":21},"end":{"line":3,"column":35}},"2":{"start":{"line":3,"column":44},"end":{"line":3,"column":59}},"3":{"start":{"line":5,"column":4},"end":{"line":5,"column":25}},"4":{"start":{"line":6,"column":4},"end":{"line":6,"column":27}},"5":{"start":{"line":1,"column":0},"end":{"line":1,"column":13}}},"fnMap":{"0":{"name":"(anonymous_0)","decl":{"start":{"line":3,"column":2},"end":{"line":3,"column":21}},"loc":{"start":{"line":3,"column":59},"end":{"line":7,"column":3}}}},"branchMap":{},"s":{"0":3,"1":3,"2":3,"3":3,"4":3,"5":3},"f":{"0":3},"b":{}}
,"C:\\Users\\ROBERT V\\Desktop\\devs_portal_backend\\src\\middlewares\\defaultErrorHandler.ts": {"path":"C:\\Users\\ROBERT V\\Desktop\\devs_portal_backend\\src\\middlewares\\defaultErrorHandler.ts","statementMap":{"0":{"start":{"line":4,"column":56},"end":{"line":17,"column":1}},"1":{"start":{"line":5,"column":2},"end":{"line":16,"column":null}},"2":{"start":{"line":6,"column":19},"end":{"line":6,"column":36}},"3":{"start":{"line":8,"column":20},"end":{"line":8,"column":82}},"4":{"start":{"line":10,"column":4},"end":{"line":13,"column":7}},"5":{"start":{"line":15,"column":4},"end":{"line":15,"column":11}},"6":{"start":{"line":4,"column":13},"end":{"line":4,"column":56}}},"fnMap":{"0":{"name":"(anonymous_0)","decl":{"start":{"line":4,"column":56},"end":{"line":4,"column":57}},"loc":{"start":{"line":4,"column":80},"end":{"line":17,"column":1}}}},"branchMap":{"0":{"loc":{"start":{"line":5,"column":2},"end":{"line":16,"column":null}},"type":"if","locations":[{"start":{"line":5,"column":2},"end":{"line":16,"column":null}},{"start":{"line":14,"column":9},"end":{"line":16,"column":null}}]},"1":{"loc":{"start":{"line":6,"column":19},"end":{"line":6,"column":36}},"type":"binary-expr","locations":[{"start":{"line":6,"column":19},"end":{"line":6,"column":29}},{"start":{"line":6,"column":33},"end":{"line":6,"column":36}}]},"2":{"loc":{"start":{"line":8,"column":20},"end":{"line":8,"column":82}},"type":"binary-expr","locations":[{"start":{"line":8,"column":20},"end":{"line":8,"column":41}},{"start":{"line":8,"column":45},"end":{"line":8,"column":56}},{"start":{"line":8,"column":60},"end":{"line":8,"column":82}}]},"3":{"loc":{"start":{"line":8,"column":20},"end":{"line":8,"column":41}},"type":"cond-expr","locations":[{"start":{"line":8,"column":32},"end":{"line":8,"column":34}},{"start":{"line":8,"column":32},"end":{"line":8,"column":41}}]},"4":{"loc":{"start":{"line":8,"column":20},"end":{"line":8,"column":34}},"type":"binary-expr","locations":[{"start":{"line":8,"column":20},"end":{"line":8,"column":34}},{"start":{"line":8,"column":32},"end":{"line":8,"column":34}}]}},"s":{"0":3,"1":3,"2":3,"3":3,"4":3,"5":0,"6":3},"f":{"0":3},"b":{"0":[3,0],"1":[3,0],"2":[3,3,0],"3":[3,0],"4":[3,3]}}
,"C:\\Users\\ROBERT V\\Desktop\\devs_portal_backend\\src\\middlewares\\schemaValidation.ts": {"path":"C:\\Users\\ROBERT V\\Desktop\\devs_portal_backend\\src\\middlewares\\schemaValidation.ts","statementMap":{"0":{"start":{"line":2,"column":0},"end":{"line":2,"column":45}},"1":{"start":{"line":6,"column":2},"end":{"line":26,"column":3}},"2":{"start":{"line":6,"column":28},"end":{"line":26,"column":3}},"3":{"start":{"line":7,"column":4},"end":{"line":25,"column":null}},"4":{"start":{"line":8,"column":6},"end":{"line":12,"column":9}},"5":{"start":{"line":13,"column":6},"end":{"line":13,"column":13}},"6":{"start":{"line":16,"column":6},"end":{"line":23,"column":null}},"7":{"start":{"line":17,"column":8},"end":{"line":22,"column":10}},"8":{"start":{"line":18,"column":39},"end":{"line":21,"column":12}},"9":{"start":{"line":24,"column":6},"end":{"line":24,"column":72}},"10":{"start":{"line":5,"column":13},"end":{"line":5,"column":null}}},"fnMap":{"0":{"name":"(anonymous_0)","decl":{"start":{"line":6,"column":2},"end":{"line":6,"column":3}},"loc":{"start":{"line":6,"column":28},"end":{"line":26,"column":3}}},"1":{"name":"(anonymous_1)","decl":{"start":{"line":6,"column":28},"end":{"line":6,"column":29}},"loc":{"start":{"line":6,"column":80},"end":{"line":26,"column":3}}},"2":{"name":"(anonymous_2)","decl":{"start":{"line":18,"column":27},"end":{"line":18,"column":28}},"loc":{"start":{"line":18,"column":39},"end":{"line":21,"column":12}}}},"branchMap":{"0":{"loc":{"start":{"line":16,"column":6},"end":{"line":23,"column":null}},"type":"if","locations":[{"start":{"line":16,"column":6},"end":{"line":23,"column":null}}]}},"s":{"0":3,"1":3,"2":3,"3":4,"4":4,"5":4,"6":0,"7":0,"8":0,"9":0,"10":3},"f":{"0":3,"1":4,"2":0},"b":{"0":[0]}}
,"C:\\Users\\ROBERT V\\Desktop\\devs_portal_backend\\src\\migrations\\1666471139730-tables.ts": {"path":"C:\\Users\\ROBERT V\\Desktop\\devs_portal_backend\\src\\migrations\\1666471139730-tables.ts","statementMap":{"0":{"start":{"line":5,"column":2},"end":{"line":5,"column":31}},"1":{"start":{"line":8,"column":4},"end":{"line":8,"column":354}},"2":{"start":{"line":9,"column":4},"end":{"line":9,"column":682}},"3":{"start":{"line":10,"column":4},"end":{"line":10,"column":412}},"4":{"start":{"line":14,"column":4},"end":{"line":14,"column":49}},"5":{"start":{"line":15,"column":4},"end":{"line":15,"column":52}},"6":{"start":{"line":16,"column":4},"end":{"line":16,"column":54}},"7":{"start":{"line":4,"column":0},"end":{"line":4,"column":13}}},"fnMap":{"0":{"name":"(anonymous_7)","decl":{"start":{"line":4,"column":0},"end":{"line":4,"column":13}},"loc":{"start":{"line":4,"column":0},"end":{"line":18,"column":1}}},"1":{"name":"(anonymous_8)","decl":{"start":{"line":7,"column":15},"end":{"line":7,"column":17}},"loc":{"start":{"line":7,"column":42},"end":{"line":11,"column":null}}},"2":{"name":"(anonymous_10)","decl":{"start":{"line":13,"column":15},"end":{"line":13,"column":19}},"loc":{"start":{"line":13,"column":44},"end":{"line":17,"column":null}}}},"branchMap":{},"s":{"0":3,"1":0,"2":0,"3":0,"4":0,"5":0,"6":0,"7":3},"f":{"0":3,"1":0,"2":0},"b":{}}
,"C:\\Users\\ROBERT V\\Desktop\\devs_portal_backend\\src\\migrations\\1666484123932-timestamps.ts": {"path":"C:\\Users\\ROBERT V\\Desktop\\devs_portal_backend\\src\\migrations\\1666484123932-timestamps.ts","statementMap":{"0":{"start":{"line":5,"column":2},"end":{"line":5,"column":35}},"1":{"start":{"line":8,"column":4},"end":{"line":8,"column":120}},"2":{"start":{"line":9,"column":4},"end":{"line":9,"column":120}},"3":{"start":{"line":10,"column":4},"end":{"line":10,"column":115}},"4":{"start":{"line":11,"column":4},"end":{"line":11,"column":115}},"5":{"start":{"line":12,"column":4},"end":{"line":12,"column":118}},"6":{"start":{"line":13,"column":4},"end":{"line":13,"column":118}},"7":{"start":{"line":17,"column":4},"end":{"line":17,"column":78}},"8":{"start":{"line":18,"column":4},"end":{"line":18,"column":78}},"9":{"start":{"line":19,"column":4},"end":{"line":19,"column":75}},"10":{"start":{"line":20,"column":4},"end":{"line":20,"column":75}},"11":{"start":{"line":21,"column":4},"end":{"line":21,"column":80}},"12":{"start":{"line":22,"column":4},"end":{"line":22,"column":80}},"13":{"start":{"line":4,"column":0},"end":{"line":4,"column":13}}},"fnMap":{"0":{"name":"(anonymous_7)","decl":{"start":{"line":4,"column":0},"end":{"line":4,"column":13}},"loc":{"start":{"line":4,"column":0},"end":{"line":24,"column":1}}},"1":{"name":"(anonymous_8)","decl":{"start":{"line":7,"column":15},"end":{"line":7,"column":17}},"loc":{"start":{"line":7,"column":42},"end":{"line":14,"column":null}}},"2":{"name":"(anonymous_10)","decl":{"start":{"line":16,"column":15},"end":{"line":16,"column":19}},"loc":{"start":{"line":16,"column":44},"end":{"line":23,"column":null}}}},"branchMap":{},"s":{"0":3,"1":0,"2":0,"3":0,"4":0,"5":0,"6":0,"7":0,"8":0,"9":0,"10":0,"11":0,"12":0,"13":3},"f":{"0":3,"1":0,"2":0},"b":{}}
,"C:\\Users\\ROBERT V\\Desktop\\devs_portal_backend\\src\\migrations\\1666500166302-user-default-role.ts": {"path":"C:\\Users\\ROBERT V\\Desktop\\devs_portal_backend\\src\\migrations\\1666500166302-user-default-role.ts","statementMap":{"0":{"start":{"line":4,"column":2},"end":{"line":4,"column":40}},"1":{"start":{"line":7,"column":4},"end":{"line":7,"column":92}},"2":{"start":{"line":11,"column":4},"end":{"line":11,"column":83}},"3":{"start":{"line":3,"column":0},"end":{"line":3,"column":13}}},"fnMap":{"0":{"name":"(anonymous_7)","decl":{"start":{"line":3,"column":0},"end":{"line":3,"column":13}},"loc":{"start":{"line":3,"column":0},"end":{"line":14,"column":1}}},"1":{"name":"(anonymous_8)","decl":{"start":{"line":6,"column":15},"end":{"line":6,"column":17}},"loc":{"start":{"line":6,"column":42},"end":{"line":8,"column":null}}},"2":{"name":"(anonymous_10)","decl":{"start":{"line":10,"column":15},"end":{"line":10,"column":19}},"loc":{"start":{"line":10,"column":44},"end":{"line":12,"column":null}}}},"branchMap":{},"s":{"0":3,"1":0,"2":0,"3":3},"f":{"0":3,"1":0,"2":0},"b":{}}
,"C:\\Users\\ROBERT V\\Desktop\\devs_portal_backend\\src\\recruiter\\entity.ts": {"path":"C:\\Users\\ROBERT V\\Desktop\\devs_portal_backend\\src\\recruiter\\entity.ts","statementMap":{"0":{"start":{"line":1,"column":0},"end":{"line":1,"column":101}},"1":{"start":{"line":5,"column":7},"end":{"line":26,"column":null}},"2":{"start":{"line":6,"column":2},"end":{"line":7,"column":null}},"3":{"start":{"line":9,"column":2},"end":{"line":10,"column":null}},"4":{"start":{"line":12,"column":2},"end":{"line":13,"column":null}},"5":{"start":{"line":15,"column":2},"end":{"line":16,"column":null}},"6":{"start":{"line":18,"column":2},"end":{"line":19,"column":null}},"7":{"start":{"line":21,"column":2},"end":{"line":22,"column":null}},"8":{"start":{"line":21,"column":91},"end":{"line":21,"column":110}},"9":{"start":{"line":24,"column":2},"end":{"line":25,"column":null}},"10":{"start":{"line":24,"column":91},"end":{"line":24,"column":110}},"11":{"start":{"line":5,"column":13},"end":{"line":26,"column":null}},"12":{"start":{"line":5,"column":13},"end":{"line":5,"column":22}}},"fnMap":{"0":{"name":"(anonymous_2)","decl":{"start":{"line":21,"column":85},"end":{"line":21,"column":88}},"loc":{"start":{"line":21,"column":91},"end":{"line":21,"column":110}}},"1":{"name":"(anonymous_3)","decl":{"start":{"line":24,"column":85},"end":{"line":24,"column":88}},"loc":{"start":{"line":24,"column":91},"end":{"line":24,"column":110}}}},"branchMap":{},"s":{"0":3,"1":3,"2":3,"3":3,"4":3,"5":3,"6":3,"7":3,"8":0,"9":3,"10":0,"11":3,"12":3},"f":{"0":0,"1":0},"b":{}}
,"C:\\Users\\ROBERT V\\Desktop\\devs_portal_backend\\src\\user\\auth.controller.ts": {"path":"C:\\Users\\ROBERT V\\Desktop\\devs_portal_backend\\src\\user\\auth.controller.ts","statementMap":{"0":{"start":{"line":2,"column":0},"end":{"line":2,"column":32}},"1":{"start":{"line":3,"column":0},"end":{"line":3,"column":47}},"2":{"start":{"line":4,"column":0},"end":{"line":4,"column":30}},"3":{"start":{"line":5,"column":0},"end":{"line":5,"column":32}},"4":{"start":{"line":6,"column":0},"end":{"line":6,"column":49}},"5":{"start":{"line":8,"column":37},"end":{"line":43,"column":2}},"6":{"start":{"line":8,"column":61},"end":{"line":43,"column":2}},"7":{"start":{"line":9,"column":2},"end":{"line":42,"column":null}},"8":{"start":{"line":10,"column":17},"end":{"line":14,"column":6}},"9":{"start":{"line":15,"column":6},"end":{"line":39,"column":null}},"10":{"start":{"line":16,"column":8},"end":{"line":16,"column":59}},"11":{"start":{"line":17,"column":13},"end":{"line":39,"column":null}},"12":{"start":{"line":18,"column":8},"end":{"line":38,"column":11}},"13":{"start":{"line":20,"column":12},"end":{"line":37,"column":null}},"14":{"start":{"line":21,"column":14},"end":{"line":21,"column":103}},"15":{"start":{"line":22,"column":19},"end":{"line":37,"column":null}},"16":{"start":{"line":23,"column":14},"end":{"line":23,"column":99}},"17":{"start":{"line":25,"column":34},"end":{"line":28,"column":15}},"18":{"start":{"line":26,"column":16},"end":{"line":27,"column":50}},"19":{"start":{"line":29,"column":16},"end":{"line":36,"column":19}},"20":{"start":{"line":41,"column":6},"end":{"line":41,"column":18}},"21":{"start":{"line":8,"column":13},"end":{"line":8,"column":37}}},"fnMap":{"0":{"name":"(anonymous_8)","decl":{"start":{"line":8,"column":37},"end":{"line":8,"column":43}},"loc":{"start":{"line":8,"column":61},"end":{"line":43,"column":2}}},"1":{"name":"(anonymous_9)","decl":{"start":{"line":8,"column":61},"end":{"line":8,"column":null}},"loc":{"start":{"line":8,"column":61},"end":{"line":43,"column":1}}},"2":{"name":"(anonymous_10)","decl":{"start":{"line":18,"column":57},"end":{"line":18,"column":66}},"loc":{"start":{"line":18,"column":77},"end":{"line":38,"column":9}}},"3":{"name":"(anonymous_11)","decl":{"start":{"line":25,"column":34},"end":{"line":25,"column":37}},"loc":{"start":{"line":25,"column":39},"end":{"line":28,"column":15}}}},"branchMap":{"0":{"loc":{"start":{"line":15,"column":6},"end":{"line":39,"column":null}},"type":"if","locations":[{"start":{"line":15,"column":6},"end":{"line":39,"column":null}},{"start":{"line":17,"column":13},"end":{"line":39,"column":null}}]},"1":{"loc":{"start":{"line":17,"column":13},"end":{"line":39,"column":null}},"type":"if","locations":[{"start":{"line":17,"column":13},"end":{"line":39,"column":null}}]},"2":{"loc":{"start":{"line":20,"column":12},"end":{"line":37,"column":null}},"type":"if","locations":[{"start":{"line":20,"column":12},"end":{"line":37,"column":null}},{"start":{"line":22,"column":19},"end":{"line":37,"column":null}}]},"3":{"loc":{"start":{"line":22,"column":19},"end":{"line":37,"column":null}},"type":"if","locations":[{"start":{"line":22,"column":19},"end":{"line":37,"column":null}},{"start":{"line":24,"column":19},"end":{"line":37,"column":null}}]},"4":{"loc":{"start":{"line":31,"column":25},"end":{"line":31,"column":35}},"type":"cond-expr","locations":[{"start":{"line":31,"column":29},"end":{"line":31,"column":31}},{"start":{"line":31,"column":25},"end":{"line":31,"column":35}}]},"5":{"loc":{"start":{"line":31,"column":25},"end":{"line":31,"column":31}},"type":"binary-expr","locations":[{"start":{"line":31,"column":25},"end":{"line":31,"column":31}},{"start":{"line":31,"column":25},"end":{"line":31,"column":31}}]},"6":{"loc":{"start":{"line":32,"column":28},"end":{"line":32,"column":42}},"type":"cond-expr","locations":[{"start":{"line":32,"column":32},"end":{"line":32,"column":34}},{"start":{"line":32,"column":28},"end":{"line":32,"column":42}}]},"7":{"loc":{"start":{"line":32,"column":28},"end":{"line":32,"column":34}},"type":"binary-expr","locations":[{"start":{"line":32,"column":28},"end":{"line":32,"column":34}},{"start":{"line":32,"column":28},"end":{"line":32,"column":34}}]}},"s":{"0":3,"1":3,"2":3,"3":3,"4":3,"5":3,"6":4,"7":4,"8":4,"9":4,"10":1,"11":3,"12":3,"13":3,"14":1,"15":2,"16":1,"17":1,"18":1,"19":1,"20":0,"21":3},"f":{"0":4,"1":4,"2":3,"3":1},"b":{"0":[1,3],"1":[3],"2":[1,2],"3":[1,1],"4":[0,1],"5":[1,1],"6":[0,1],"7":[1,1]}}
,"C:\\Users\\ROBERT V\\Desktop\\devs_portal_backend\\src\\user\\auth.schema.ts": {"path":"C:\\Users\\ROBERT V\\Desktop\\devs_portal_backend\\src\\user\\auth.schema.ts","statementMap":{"0":{"start":{"line":1,"column":0},"end":{"line":1,"column":27}},"1":{"start":{"line":3,"column":13},"end":{"line":13,"column":3}}},"fnMap":{},"branchMap":{},"s":{"0":3,"1":3},"f":{},"b":{}}
,"C:\\Users\\ROBERT V\\Desktop\\devs_portal_backend\\src\\user\\entity.ts": {"path":"C:\\Users\\ROBERT V\\Desktop\\devs_portal_backend\\src\\user\\entity.ts","statementMap":{"0":{"start":{"line":1,"column":0},"end":{"line":1,"column":101}},"1":{"start":{"line":6,"column":7},"end":{"line":34,"column":null}},"2":{"start":{"line":7,"column":2},"end":{"line":8,"column":null}},"3":{"start":{"line":10,"column":2},"end":{"line":11,"column":null}},"4":{"start":{"line":13,"column":2},"end":{"line":14,"column":null}},"5":{"start":{"line":16,"column":2},"end":{"line":17,"column":null}},"6":{"start":{"line":19,"column":2},"end":{"line":20,"column":null}},"7":{"start":{"line":22,"column":2},"end":{"line":23,"column":null}},"8":{"start":{"line":25,"column":2},"end":{"line":26,"column":null}},"9":{"start":{"line":28,"column":2},"end":{"line":29,"column":null}},"10":{"start":{"line":28,"column":91},"end":{"line":28,"column":110}},"11":{"start":{"line":31,"column":2},"end":{"line":32,"column":null}},"12":{"start":{"line":31,"column":91},"end":{"line":31,"column":110}},"13":{"start":{"line":6,"column":13},"end":{"line":34,"column":null}},"14":{"start":{"line":6,"column":13},"end":{"line":6,"column":17}}},"fnMap":{"0":{"name":"(anonymous_2)","decl":{"start":{"line":28,"column":85},"end":{"line":28,"column":88}},"loc":{"start":{"line":28,"column":91},"end":{"line":28,"column":110}}},"1":{"name":"(anonymous_3)","decl":{"start":{"line":31,"column":85},"end":{"line":31,"column":88}},"loc":{"start":{"line":31,"column":91},"end":{"line":31,"column":110}}}},"branchMap":{},"s":{"0":3,"1":3,"2":3,"3":3,"4":3,"5":3,"6":3,"7":3,"8":3,"9":3,"10":0,"11":3,"12":0,"13":3,"14":3},"f":{"0":0,"1":0},"b":{}}
,"C:\\Users\\ROBERT V\\Desktop\\devs_portal_backend\\src\\user\\user.router.ts": {"path":"C:\\Users\\ROBERT V\\Desktop\\devs_portal_backend\\src\\user\\user.router.ts","statementMap":{"0":{"start":{"line":1,"column":0},"end":{"line":1,"column":33}},"1":{"start":{"line":2,"column":0},"end":{"line":2,"column":40}},"2":{"start":{"line":4,"column":13},"end":{"line":4,"column":34}},"3":{"start":{"line":6,"column":0},"end":{"line":6,"column":39}}},"fnMap":{},"branchMap":{},"s":{"0":3,"1":3,"2":3,"3":3},"f":{},"b":{}}
}
