TN:
SF:src\app.ts
FN:23,(anonymous_8)
FN:23,(anonymous_9)
FNF:2
FNH:2
FNDA:1,(anonymous_8)
FNDA:1,(anonymous_9)
DA:1,3
DA:2,3
DA:3,3
DA:4,3
DA:5,3
DA:6,3
DA:7,3
DA:8,3
DA:9,3
DA:10,3
DA:12,3
DA:15,3
DA:16,3
DA:18,3
DA:19,0
DA:23,3
DA:24,1
DA:25,1
DA:29,0
DA:33,3
DA:35,3
DA:36,3
DA:39,3
LF:23
LH:21
BRDA:18,0,0,0
BRF:1
BRH:0
end_of_record
TN:
SF:src\data-source.ts
FN:37,(anonymous_7)
FN:37,(anonymous_8)
FNF:2
FNH:2
FNDA:3,(anonymous_7)
FNDA:3,(anonymous_8)
DA:1,3
DA:2,3
DA:4,3
DA:5,3
DA:6,3
DA:7,3
DA:10,3
DA:11,3
DA:35,3
DA:37,3
DA:38,3
DA:39,3
DA:40,3
DA:42,0
LF:14
LH:13
BRF:0
BRH:0
end_of_record
TN:
SF:src\developer\controller.ts
FN:7,(anonymous_7)
FN:7,(anonymous_8)
FNF:2
FNH:2
FNDA:2,(anonymous_7)
FNDA:2,(anonymous_8)
DA:2,3
DA:3,3
DA:4,3
DA:7,3
DA:8,2
DA:9,2
DA:11,2
DA:12,0
DA:14,2
DA:18,0
LF:10
LH:8
BRDA:11,0,0,0
BRF:1
BRH:0
end_of_record
TN:
SF:src\developer\entity.ts
FN:48,(anonymous_2)
FN:51,(anonymous_3)
FNF:2
FNH:0
FNDA:0,(anonymous_2)
FNDA:0,(anonymous_3)
DA:1,3
DA:5,3
DA:6,3
DA:9,3
DA:12,3
DA:15,3
DA:18,3
DA:21,3
DA:24,3
DA:27,3
DA:30,3
DA:33,3
DA:36,3
DA:39,3
DA:42,3
DA:45,3
DA:48,3
DA:51,3
LF:18
LH:18
BRF:0
BRH:0
end_of_record
TN:
SF:src\developer\router.ts
FNF:0
FNH:0
DA:1,3
DA:2,3
DA:5,3
DA:7,3
LF:4
LH:4
BRF:0
BRH:0
end_of_record
TN:
SF:src\helpers\HttpError.ts
FN:3,(anonymous_0)
FNF:1
FNH:1
FNDA:3,(anonymous_0)
DA:1,3
DA:3,3
DA:4,3
DA:5,3
DA:6,3
LF:5
LH:5
BRF:0
BRH:0
end_of_record
TN:
SF:src\middlewares\defaultErrorHandler.ts
FN:4,(anonymous_0)
FNF:1
FNH:1
FNDA:4,(anonymous_0)
DA:4,3
DA:5,4
DA:6,4
DA:8,4
DA:10,4
DA:15,0
LF:6
LH:5
BRDA:5,0,0,4
BRDA:5,0,1,0
BRDA:6,1,0,4
BRDA:6,1,1,1
BRDA:8,2,0,4
BRDA:8,2,1,4
BRDA:8,2,2,0
BRDA:8,3,0,4
BRDA:8,3,1,0
BRDA:8,4,0,4
BRDA:8,4,1,4
BRF:11
BRH:8
end_of_record
TN:
SF:src\middlewares\schemaValidation.ts
FN:6,(anonymous_0)
FN:6,(anonymous_1)
FN:18,(anonymous_2)
FNF:3
FNH:2
FNDA:6,(anonymous_0)
FNDA:7,(anonymous_1)
FNDA:0,(anonymous_2)
DA:2,3
DA:5,3
DA:6,6
DA:7,7
DA:8,7
DA:13,7
DA:16,0
DA:17,0
DA:18,0
DA:24,0
LF:10
LH:6
BRDA:16,0,0,0
BRF:1
BRH:0
end_of_record
TN:
SF:src\migrations\1666471139730-tables.ts
FN:4,(anonymous_7)
FN:7,(anonymous_8)
FN:13,(anonymous_10)
FNF:3
FNH:1
FNDA:3,(anonymous_7)
FNDA:0,(anonymous_8)
FNDA:0,(anonymous_10)
DA:4,3
DA:5,3
DA:8,0
DA:9,0
DA:10,0
DA:14,0
DA:15,0
DA:16,0
LF:8
LH:2
BRF:0
BRH:0
end_of_record
TN:
SF:src\migrations\1666484123932-timestamps.ts
FN:4,(anonymous_7)
FN:7,(anonymous_8)
FN:16,(anonymous_10)
FNF:3
FNH:1
FNDA:3,(anonymous_7)
FNDA:0,(anonymous_8)
FNDA:0,(anonymous_10)
DA:4,3
DA:5,3
DA:8,0
DA:9,0
DA:10,0
DA:11,0
DA:12,0
DA:13,0
DA:17,0
DA:18,0
DA:19,0
DA:20,0
DA:21,0
DA:22,0
LF:14
LH:2
BRF:0
BRH:0
end_of_record
TN:
SF:src\migrations\1666500166302-user-default-role.ts
FN:3,(anonymous_7)
FN:6,(anonymous_8)
FN:10,(anonymous_10)
FNF:3
FNH:1
FNDA:3,(anonymous_7)
FNDA:0,(anonymous_8)
FNDA:0,(anonymous_10)
DA:3,3
DA:4,3
DA:7,0
DA:11,0
LF:4
LH:2
BRF:0
BRH:0
end_of_record
TN:
SF:src\recruiter\entity.ts
FN:21,(anonymous_2)
FN:24,(anonymous_3)
FNF:2
FNH:0
FNDA:0,(anonymous_2)
FNDA:0,(anonymous_3)
DA:1,3
DA:5,3
DA:6,3
DA:9,3
DA:12,3
DA:15,3
DA:18,3
DA:21,3
DA:24,3
LF:9
LH:9
BRF:0
BRH:0
end_of_record
TN:
SF:src\user\auth.controller.ts
FN:8,(anonymous_8)
FN:8,(anonymous_9)
FN:18,(anonymous_10)
FN:24,(anonymous_11)
FNF:4
FNH:4
FNDA:4,(anonymous_8)
FNDA:4,(anonymous_9)
FNDA:3,(anonymous_10)
FNDA:1,(anonymous_11)
DA:2,3
DA:3,3
DA:4,3
DA:5,3
DA:6,3
DA:8,4
DA:9,4
DA:10,4
DA:15,4
DA:16,1
DA:17,3
DA:18,3
DA:19,3
DA:20,1
DA:21,2
DA:22,1
DA:24,1
DA:25,1
DA:28,1
DA:40,0
LF:20
LH:19
BRDA:15,0,0,1
BRDA:15,0,1,3
BRDA:17,1,0,3
BRDA:19,2,0,1
BRDA:19,2,1,2
BRDA:21,3,0,1
BRDA:21,3,1,1
BRDA:30,4,0,0
BRDA:30,4,1,1
BRDA:30,5,0,1
BRDA:30,5,1,1
BRDA:31,6,0,0
BRDA:31,6,1,1
BRDA:31,7,0,1
BRDA:31,7,1,1
BRF:15
BRH:13
end_of_record
TN:
SF:src\user\auth.schema.ts
FNF:0
FNH:0
DA:1,3
DA:3,3
LF:2
LH:2
BRF:0
BRH:0
end_of_record
TN:
SF:src\user\entity.ts
FN:26,(anonymous_2)
FN:29,(anonymous_3)
FNF:2
FNH:0
FNDA:0,(anonymous_2)
FNDA:0,(anonymous_3)
DA:1,3
DA:4,3
DA:5,3
DA:8,3
DA:11,3
DA:14,3
DA:17,3
DA:20,3
DA:23,3
DA:26,3
DA:29,3
LF:11
LH:11
BRF:0
BRH:0
end_of_record
TN:
SF:src\user\user.controller.ts
FN:6,(anonymous_8)
FN:6,(anonymous_9)
FNF:2
FNH:2
FNDA:3,(anonymous_8)
FNDA:3,(anonymous_9)
DA:2,3
DA:3,3
DA:4,3
DA:6,3
DA:7,3
DA:9,3
DA:11,3
DA:12,3
DA:19,2
DA:27,1
LF:10
LH:10
BRDA:21,0,0,0
BRDA:21,0,1,2
BRDA:21,1,0,2
BRDA:21,1,1,2
BRDA:22,2,0,0
BRDA:22,2,1,2
BRDA:22,3,0,2
BRDA:22,3,1,2
BRDA:23,4,0,0
BRDA:23,4,1,2
BRDA:23,5,0,2
BRDA:23,5,1,2
BRDA:24,6,0,0
BRDA:24,6,1,2
BRDA:24,7,0,2
BRDA:24,7,1,2
BRF:16
BRH:12
end_of_record
TN:
SF:src\user\user.router.ts
FNF:0
FNH:0
DA:1,3
DA:2,3
DA:4,3
DA:6,3
LF:4
LH:4
BRF:0
BRH:0
end_of_record
TN:
SF:src\user\user.schema.ts
FNF:0
FNH:0
DA:1,3
DA:2,3
DA:4,3
LF:3
LH:3
BRF:0
BRH:0
end_of_record
TN:
SF:src\user\userRegister.router.ts
FNF:0
FNH:0
DA:1,3
DA:2,3
DA:4,3
DA:6,3
LF:4
LH:4
BRF:0
BRH:0
end_of_record
